<?xml version="1.0" encoding="UTF-8"?>
<testng-results skipped="0" failed="0" total="2" passed="2">
  <reporter-output>
  </reporter-output>
  <suite name="Suite" duration-ms="86477" started-at="2017-12-23T05:14:12Z" finished-at="2017-12-23T05:15:39Z">
    <groups>
    </groups>
    <test name="Test" duration-ms="86477" started-at="2017-12-23T05:14:12Z" finished-at="2017-12-23T05:15:39Z">
      <class name="testcases.TC001_LoginLogOut">
        <test-method status="PASS" signature="beforeSuite()[pri:0, instance:testcases.TC001_LoginLogOut@addb54]" name="beforeSuite" is-config="true" duration-ms="2239" started-at="2017-12-23T10:44:10Z" finished-at="2017-12-23T10:44:12Z">
          <reporter-output>
          </reporter-output>
        </test-method> <!-- beforeSuite -->
        <test-method status="PASS" signature="beforeTest()[pri:0, instance:testcases.TC001_LoginLogOut@addb54]" name="beforeTest" is-config="true" duration-ms="1" started-at="2017-12-23T10:44:12Z" finished-at="2017-12-23T10:44:12Z">
          <reporter-output>
          </reporter-output>
        </test-method> <!-- beforeTest -->
        <test-method status="PASS" signature="setData()[pri:0, instance:testcases.TC001_LoginLogOut@addb54]" name="setData" is-config="true" duration-ms="0" started-at="2017-12-23T10:44:12Z" finished-at="2017-12-23T10:44:12Z">
          <reporter-output>
          </reporter-output>
        </test-method> <!-- setData -->
        <test-method status="PASS" signature="beforeMethod()[pri:0, instance:testcases.TC001_LoginLogOut@addb54]" name="beforeMethod" is-config="true" duration-ms="54710" started-at="2017-12-23T10:44:15Z" finished-at="2017-12-23T10:45:09Z">
          <reporter-output>
          </reporter-output>
        </test-method> <!-- beforeMethod -->
        <test-method status="PASS" signature="logInLogOut(java.lang.String, java.lang.String)[pri:0, instance:testcases.TC001_LoginLogOut@addb54]" name="logInLogOut" duration-ms="7129" started-at="2017-12-23T10:45:09Z" data-provider="fetchData" finished-at="2017-12-23T10:45:16Z">
          <params>
            <param index="0">
              <value>
                <![CDATA[DemoSalesManager]]>
              </value>
            </param>
            <param index="1">
              <value>
                <![CDATA[crmsfa]]>
              </value>
            </param>
          </params>
          <reporter-output>
          </reporter-output>
        </test-method> <!-- logInLogOut -->
        <test-method status="PASS" signature="afterMethod()[pri:0, instance:testcases.TC001_LoginLogOut@addb54]" name="afterMethod" is-config="true" duration-ms="1208" started-at="2017-12-23T10:45:16Z" finished-at="2017-12-23T10:45:18Z">
          <reporter-output>
          </reporter-output>
        </test-method> <!-- afterMethod -->
        <test-method status="PASS" signature="beforeMethod()[pri:0, instance:testcases.TC001_LoginLogOut@addb54]" name="beforeMethod" is-config="true" duration-ms="12132" started-at="2017-12-23T10:45:18Z" finished-at="2017-12-23T10:45:30Z">
          <reporter-output>
          </reporter-output>
        </test-method> <!-- beforeMethod -->
        <test-method status="PASS" signature="logInLogOut(java.lang.String, java.lang.String)[pri:0, instance:testcases.TC001_LoginLogOut@addb54]" name="logInLogOut" duration-ms="7760" started-at="2017-12-23T10:45:30Z" data-provider="fetchData" finished-at="2017-12-23T10:45:38Z">
          <params>
            <param index="0">
              <value>
                <![CDATA[DemoCSR]]>
              </value>
            </param>
            <param index="1">
              <value>
                <![CDATA[crmsfa]]>
              </value>
            </param>
          </params>
          <reporter-output>
          </reporter-output>
        </test-method> <!-- logInLogOut -->
        <test-method status="PASS" signature="afterMethod()[pri:0, instance:testcases.TC001_LoginLogOut@addb54]" name="afterMethod" is-config="true" duration-ms="1046" started-at="2017-12-23T10:45:38Z" finished-at="2017-12-23T10:45:39Z">
          <reporter-output>
          </reporter-output>
        </test-method> <!-- afterMethod -->
        <test-method status="PASS" signature="afterTest()[pri:0, instance:testcases.TC001_LoginLogOut@addb54]" name="afterTest" is-config="true" duration-ms="0" started-at="2017-12-23T10:45:39Z" finished-at="2017-12-23T10:45:39Z">
          <reporter-output>
          </reporter-output>
        </test-method> <!-- afterTest -->
        <test-method status="PASS" signature="afterSuite()[pri:0, instance:testcases.TC001_LoginLogOut@addb54]" name="afterSuite" is-config="true" duration-ms="2042" started-at="2017-12-23T10:45:39Z" finished-at="2017-12-23T10:45:41Z">
          <reporter-output>
          </reporter-output>
        </test-method> <!-- afterSuite -->
      </class> <!-- testcases.TC001_LoginLogOut -->
    </test> <!-- Test -->
  </suite> <!-- Suite -->
</testng-results>
